{"/Users/kevingleeson/Development/Javascript-Testing-Practice/lesson2/parse-stringify.js": {"path":"/Users/kevingleeson/Development/Javascript-Testing-Practice/lesson2/parse-stringify.js","statementMap":{"0":{"start":{"line":1,"column":14},"end":{"line":17,"column":1}},"1":{"start":{"line":5,"column":1},"end":{"line":7,"column":2}},"2":{"start":{"line":6,"column":2},"end":{"line":6,"column":40}},"3":{"start":{"line":8,"column":15},"end":{"line":8,"column":37}},"4":{"start":{"line":9,"column":16},"end":{"line":9,"column":18}},"5":{"start":{"line":11,"column":1},"end":{"line":14,"column":3}},"6":{"start":{"line":12,"column":22},"end":{"line":12,"column":38}},"7":{"start":{"line":13,"column":2},"end":{"line":13,"column":41}},"8":{"start":{"line":16,"column":1},"end":{"line":16,"column":14}},"9":{"start":{"line":19,"column":20},"end":{"line":23,"column":1}},"10":{"start":{"line":20,"column":1},"end":{"line":20,"column":100}},"11":{"start":{"line":20,"column":35},"end":{"line":20,"column":99}},"12":{"start":{"line":22,"column":1},"end":{"line":22,"column":11}},"13":{"start":{"line":27,"column":18},"end":{"line":35,"column":1}},"14":{"start":{"line":28,"column":1},"end":{"line":28,"column":39}},"15":{"start":{"line":29,"column":19},"end":{"line":29,"column":21}},"16":{"start":{"line":30,"column":1},"end":{"line":32,"column":2}},"17":{"start":{"line":31,"column":2},"end":{"line":31,"column":67}},"18":{"start":{"line":34,"column":1},"end":{"line":34,"column":32}},"19":{"start":{"line":37,"column":0},"end":{"line":40,"column":1}}},"fnMap":{"0":{"name":"(anonymous_0)","decl":{"start":{"line":1,"column":14},"end":{"line":1,"column":15}},"loc":{"start":{"line":1,"column":31},"end":{"line":17,"column":1}},"line":1},"1":{"name":"(anonymous_1)","decl":{"start":{"line":11,"column":17},"end":{"line":11,"column":18}},"loc":{"start":{"line":11,"column":26},"end":{"line":14,"column":2}},"line":11},"2":{"name":"(anonymous_2)","decl":{"start":{"line":19,"column":20},"end":{"line":19,"column":21}},"loc":{"start":{"line":19,"column":29},"end":{"line":23,"column":1}},"line":19},"3":{"name":"(anonymous_3)","decl":{"start":{"line":20,"column":26},"end":{"line":20,"column":27}},"loc":{"start":{"line":20,"column":35},"end":{"line":20,"column":99}},"line":20},"4":{"name":"(anonymous_4)","decl":{"start":{"line":27,"column":18},"end":{"line":27,"column":19}},"loc":{"start":{"line":27,"column":35},"end":{"line":35,"column":1}},"line":27}},"branchMap":{"0":{"loc":{"start":{"line":5,"column":1},"end":{"line":7,"column":2}},"type":"if","locations":[{"start":{"line":5,"column":1},"end":{"line":7,"column":2}},{"start":{"line":5,"column":1},"end":{"line":7,"column":2}}],"line":5},"1":{"loc":{"start":{"line":20,"column":35},"end":{"line":20,"column":99}},"type":"binary-expr","locations":[{"start":{"line":20,"column":36},"end":{"line":20,"column":53}},{"start":{"line":20,"column":57},"end":{"line":20,"column":79}},{"start":{"line":20,"column":84},"end":{"line":20,"column":99}}],"line":20}},"s":{"0":1,"1":1,"2":1,"3":1,"4":1,"5":1,"6":1,"7":1,"8":1,"9":1,"10":1,"11":1,"12":1,"13":1,"14":1,"15":1,"16":1,"17":1,"18":1,"19":1},"f":{"0":1,"1":1,"2":1,"3":1,"4":1},"b":{"0":[1,0],"1":[1,1,0]},"_coverageSchema":"1a1c01bbd47fc00a2c39e90264f33305004495a9","hash":"f1914c0974a040dc7dc6aae39b51e23cf24de428"}
,"/Users/kevingleeson/Development/Javascript-Testing-Practice/lesson2/practice.js": {"path":"/Users/kevingleeson/Development/Javascript-Testing-Practice/lesson2/practice.js","statementMap":{"0":{"start":{"line":2,"column":4},"end":{"line":2,"column":16}},"1":{"start":{"line":4,"column":0},"end":{"line":4,"column":28}},"2":{"start":{"line":6,"column":0},"end":{"line":6,"column":25}}},"fnMap":{"0":{"name":"practice","decl":{"start":{"line":1,"column":9},"end":{"line":1,"column":17}},"loc":{"start":{"line":1,"column":24},"end":{"line":3,"column":1}},"line":1}},"branchMap":{},"s":{"0":2,"1":1,"2":1},"f":{"0":2},"b":{},"_coverageSchema":"1a1c01bbd47fc00a2c39e90264f33305004495a9","hash":"3483a73aed73bd1d8b415beee88d52ad13008c9f"}
,"/Users/kevingleeson/Development/Javascript-Testing-Practice/lesson2/users.js": {"path":"/Users/kevingleeson/Development/Javascript-Testing-Practice/lesson2/users.js","statementMap":{"0":{"start":{"line":1,"column":14},"end":{"line":1,"column":35}},"1":{"start":{"line":3,"column":21},"end":{"line":18,"column":1}},"2":{"start":{"line":4,"column":2},"end":{"line":17,"column":4}},"3":{"start":{"line":5,"column":4},"end":{"line":16,"column":10}},"4":{"start":{"line":6,"column":19},"end":{"line":6,"column":52}},"5":{"start":{"line":6,"column":38},"end":{"line":6,"column":51}},"6":{"start":{"line":8,"column":6},"end":{"line":10,"column":7}},"7":{"start":{"line":9,"column":8},"end":{"line":9,"column":70}},"8":{"start":{"line":12,"column":6},"end":{"line":15,"column":8}},"9":{"start":{"line":20,"column":24},"end":{"line":35,"column":1}},"10":{"start":{"line":21,"column":2},"end":{"line":34,"column":4}},"11":{"start":{"line":22,"column":4},"end":{"line":33,"column":10}},"12":{"start":{"line":23,"column":19},"end":{"line":23,"column":58}},"13":{"start":{"line":23,"column":38},"end":{"line":23,"column":57}},"14":{"start":{"line":25,"column":6},"end":{"line":27,"column":7}},"15":{"start":{"line":26,"column":8},"end":{"line":26,"column":76}},"16":{"start":{"line":29,"column":6},"end":{"line":32,"column":8}},"17":{"start":{"line":37,"column":0},"end":{"line":40,"column":1}}},"fnMap":{"0":{"name":"(anonymous_0)","decl":{"start":{"line":3,"column":21},"end":{"line":3,"column":22}},"loc":{"start":{"line":3,"column":29},"end":{"line":18,"column":1}},"line":3},"1":{"name":"(anonymous_1)","decl":{"start":{"line":4,"column":21},"end":{"line":4,"column":22}},"loc":{"start":{"line":4,"column":42},"end":{"line":17,"column":3}},"line":4},"2":{"name":"(anonymous_2)","decl":{"start":{"line":5,"column":15},"end":{"line":5,"column":16}},"loc":{"start":{"line":5,"column":21},"end":{"line":16,"column":5}},"line":5},"3":{"name":"(anonymous_3)","decl":{"start":{"line":6,"column":30},"end":{"line":6,"column":31}},"loc":{"start":{"line":6,"column":38},"end":{"line":6,"column":51}},"line":6},"4":{"name":"(anonymous_4)","decl":{"start":{"line":20,"column":24},"end":{"line":20,"column":25}},"loc":{"start":{"line":20,"column":35},"end":{"line":35,"column":1}},"line":20},"5":{"name":"(anonymous_5)","decl":{"start":{"line":21,"column":21},"end":{"line":21,"column":22}},"loc":{"start":{"line":21,"column":42},"end":{"line":34,"column":3}},"line":21},"6":{"name":"(anonymous_6)","decl":{"start":{"line":22,"column":15},"end":{"line":22,"column":16}},"loc":{"start":{"line":22,"column":21},"end":{"line":33,"column":5}},"line":22},"7":{"name":"(anonymous_7)","decl":{"start":{"line":23,"column":30},"end":{"line":23,"column":31}},"loc":{"start":{"line":23,"column":38},"end":{"line":23,"column":57}},"line":23}},"branchMap":{"0":{"loc":{"start":{"line":8,"column":6},"end":{"line":10,"column":7}},"type":"if","locations":[{"start":{"line":8,"column":6},"end":{"line":10,"column":7}},{"start":{"line":8,"column":6},"end":{"line":10,"column":7}}],"line":8},"1":{"loc":{"start":{"line":25,"column":6},"end":{"line":27,"column":7}},"type":"if","locations":[{"start":{"line":25,"column":6},"end":{"line":27,"column":7}},{"start":{"line":25,"column":6},"end":{"line":27,"column":7}}],"line":25}},"s":{"0":1,"1":1,"2":2,"3":2,"4":2,"5":4,"6":2,"7":1,"8":1,"9":1,"10":4,"11":4,"12":4,"13":6,"14":4,"15":1,"16":3,"17":1},"f":{"0":2,"1":2,"2":2,"3":4,"4":4,"5":4,"6":4,"7":6},"b":{"0":[1,1],"1":[1,3]},"_coverageSchema":"1a1c01bbd47fc00a2c39e90264f33305004495a9","hash":"3a4c80db17e0d58ebe091f7136862b471eac15b1"}
,"/Users/kevingleeson/Development/Javascript-Testing-Practice/lesson2/db/users.js": {"path":"/Users/kevingleeson/Development/Javascript-Testing-Practice/lesson2/db/users.js","statementMap":{"0":{"start":{"line":1,"column":0},"end":{"line":19,"column":2}}},"fnMap":{},"branchMap":{},"s":{"0":1},"f":{},"b":{},"_coverageSchema":"1a1c01bbd47fc00a2c39e90264f33305004495a9","hash":"51f6c8bca94953d79fdb1e0f249faa2978189bec"}
}
